Script started on 2019-01-30 23:49:33-08:00
nalkhate@ix-dev:~/uoregon-cis330/assignment3$ make
gcc -c -std=c11 -g -fPIC reversi.c
gcc -std=c11 -g -fPIC -o reversi.exe reversi.o
nalkhate@ix-dev:~/uoregon-cis330/assignment3$ ./reversi.exe 
Please enter the size of the board 4 - 16: 3
Please enter the size of the board 4 - 16: 17
Please enter the size of the board 4 - 16: 8
	0 1 2 3 4 5 6 7 
0	. . . . . . . . 
1	. . . . . . . . 
2	. . . . . . . . 
3	. . . b w . . . 
4	. . . w b . . . 
5	. . . . . . . . 
6	. . . . . . . . 
7	. . . . . . . . 
Player 1 turn, input 2 numbers (0-7) row col: -1 8
Player 1 turn, input 2 numbers (0-7) row col: 1 8
Player 1 turn, input 2 numbers (0-7) row col: 5 3
	0 1 2 3 4 5 6 7 
0	. . . . . . . . 
1	. . . . . . . . 
2	. . . . . . . . 
3	. . . b w . . . 
4	. . . b b . . . 
5	. . . b . . . . 
6	. . . . . . . . 
7	. . . . . . . . 
Player 2 turn, input 2 numbers (0-7) row col: 5 2
	0 1 2 3 4 5 6 7 
0	. . . . . . . . 
1	. . . . . . . . 
2	. . . . . . . . 
3	. . . b w . . . 
4	. . . w b . . . 
5	. . w b . . . . 
6	. . . . . . . . 
7	. . . . . . . . 
Player 1 turn, input 2 numbers (0-7) row col: 1 3
invalid choice!
	0 1 2 3 4 5 6 7 
0	. . . . . . . . 
1	. . . . . . . . 
2	. . . . . . . . 
3	. . . b w . . . 
4	. . . w b . . . 
5	. . w b . . . . 
6	. . . . . . . . 
7	. . . . . . . . 
Player 1 turn, input 2 numbers (0-7) row col: 4 2
	0 1 2 3 4 5 6 7 
0	. . . . . . . . 
1	. . . . . . . . 
2	. . . . . . . . 
3	. . . b w . . . 
4	. . b b b . . . 
5	. . w b . . . . 
6	. . . . . . . . 
7	. . . . . . . . 
Player 2 turn, input 2 numbers (0-7) row col: 5 4
	0 1 2 3 4 5 6 7 
0	. . . . . . . . 
1	. . . . . . . . 
2	. . . . . . . . 
3	. . . b w . . . 
4	. . b b b . . . 
5	. . w w w . . . 
6	. . . . . . . . 
7	. . . . . . . . 
Player 1 turn, input 2 numbers (0-7) row col: 2 3
invalid choice!
	0 1 2 3 4 5 6 7 
0	. . . . . . . . 
1	. . . . . . . . 
2	. . . . . . . . 
3	. . . b w . . . 
4	. . b b b . . . 
5	. . w w w . . . 
6	. . . . . . . . 
7	. . . . . . . . 
Player 1 turn, input 2 numbers (0-7) row col: 3 2
invalid choice!
	0 1 2 3 4 5 6 7 
0	. . . . . . . . 
1	. . . . . . . . 
2	. . . . . . . . 
3	. . . b w . . . 
4	. . b b b . . . 
5	. . w w w . . . 
6	. . . . . . . . 
7	. . . . . . . . 
Player 1 turn, input 2 numbers (0-7) row col: ^C
nalkhate@ix-dev:~/uoregon-cis330/assignment3$ make clean
rm -f reversi.o *.exe
rm -f reversi.o *~
nalkhate@ix-dev:~/uoregon-cis330/assignment3$ exit
exit

Script done on 2019-01-30 23:52:10-08:00
